<?xml version="1.0" encoding="UTF-8"?>
<testsuite xmlns:xsi="http://www.w3.org/2001/XMLSchema-instance" xsi:noNamespaceSchemaLocation="https://maven.apache.org/surefire/maven-surefire-plugin/xsd/surefire-test-report.xsd" version="3.0.2" name="ual.dra.optcg.OptcgApplicationTests" time="4.088" tests="1" errors="0" skipped="0" failures="0" flakes="0">
  <properties>
[...]
</properties>
  <testcase name="contextLoads" classname="ual.dra.optcg.OptcgApplicationTests" time="0.331">
    <system-out><![CDATA[10:20:37.962 [main] INFO org.springframework.test.context.support.AnnotationConfigContextLoaderUtils -- Could not detect default configuration classes for test class [ual.dra.optcg.OptcgApplicationTests]: OptcgApplicationTests does not declare any static, non-private, non-final, nested classes annotated with @Configuration.
10:20:38.085 [main] INFO org.springframework.boot.test.context.SpringBootTestContextBootstrapper -- Found @SpringBootConfiguration ual.dra.optcg.OptcgApplication for test class ual.dra.optcg.OptcgApplicationTests
10:20:38.176 [main] INFO org.springframework.test.context.support.AnnotationConfigContextLoaderUtils -- Could not detect default configuration classes for test class [ual.dra.optcg.OptcgApplicationTests]: OptcgApplicationTests does not declare any static, non-private, non-final, nested classes annotated with @Configuration.
10:20:38.178 [main] INFO org.springframework.boot.test.context.SpringBootTestContextBootstrapper -- Found @SpringBootConfiguration ual.dra.optcg.OptcgApplication for test class ual.dra.optcg.OptcgApplicationTests

  .   ____          _            __ _ _
 /\\ / ___'_ __ _ _(_)_ __  __ _ \ \ \ \
( ( )\___ | '_ | '_| | '_ \/ _` | \ \ \ \
 \\/  ___)| |_)| | | | | || (_| |  ) ) ) )
  '  |____| .__|_| |_|_| |_\__, | / / / /
 =========|_|==============|___/=/_/_/_/

 :: Spring Boot ::                (v4.0.4)

2026-03-25T10:20:38.504+01:00  INFO 13503 --- [optcg] [           main] ual.dra.optcg.OptcgApplicationTests      : Starting OptcgApplicationTests using Java 21.0.10 with PID 13503 (started by david in /home/david/Desktop/UAL/Cuarto curso/Segundo Cuatrimestre/Desarrollo Rápido de Aplicaciones/Prácticas/AngularSpringBoot/onepiece-card-manager/backend)
2026-03-25T10:20:38.506+01:00  INFO 13503 --- [optcg] [           main] ual.dra.optcg.OptcgApplicationTests      : No active profile set, falling back to 1 default profile: "default"
2026-03-25T10:20:39.040+01:00  INFO 13503 --- [optcg] [           main] .s.d.r.c.RepositoryConfigurationDelegate : Bootstrapping Spring Data JPA repositories in DEFAULT mode.
2026-03-25T10:20:39.084+01:00  INFO 13503 --- [optcg] [           main] .s.d.r.c.RepositoryConfigurationDelegate : Finished Spring Data repository scanning in 38 ms. Found 2 JPA repository interfaces.
2026-03-25T10:20:39.361+01:00  INFO 13503 --- [optcg] [           main] org.hibernate.orm.jpa                    : HHH008540: Processing PersistenceUnitInfo [name: default]
2026-03-25T10:20:39.411+01:00  INFO 13503 --- [optcg] [           main] org.hibernate.orm.core                   : HHH000001: Hibernate ORM core version 7.2.7.Final
2026-03-25T10:20:39.742+01:00  INFO 13503 --- [optcg] [           main] o.s.o.j.p.SpringPersistenceUnitInfo      : No LoadTimeWeaver setup: ignoring JPA class transformer
2026-03-25T10:20:39.754+01:00  WARN 13503 --- [optcg] [           main] org.hibernate.orm.deprecation            : HHH90000021: Encountered deprecated setting [hibernate.temp.use_jdbc_metadata_defaults], use [hibernate.boot.allow_jdbc_metadata_access] instead
2026-03-25T10:20:39.766+01:00  WARN 13503 --- [optcg] [           main] org.hibernate.orm.deprecation            : HHH90000025: PostgreSQLDialect does not need to be specified explicitly using 'hibernate.dialect' (remove the property setting and it will be selected by default)
2026-03-25T10:20:39.775+01:00  INFO 13503 --- [optcg] [           main] org.hibernate.orm.connections.pooling    : HHH10001005: Database info:
	Database JDBC URL [undefined/unknown]
	Database driver: undefined/unknown
	Database dialect: PostgreSQLDialect
	Database version: 13.0
	Default catalog/schema: unknown/unknown
	Autocommit mode: undefined/unknown
	Isolation level: <unknown>
	JDBC fetch size: undefined/unknown
	Pool: undefined/unknown
	Minimum pool size: undefined/unknown
	Maximum pool size: undefined/unknown
2026-03-25T10:20:40.437+01:00  INFO 13503 --- [optcg] [           main] org.hibernate.orm.core                   : HHH000489: No JTA platform available (set 'hibernate.transaction.jta.platform' to enable JTA platform integration)
2026-03-25T10:20:40.450+01:00  INFO 13503 --- [optcg] [           main] com.zaxxer.hikari.HikariDataSource       : HikariPool-1 - Starting...
2026-03-25T10:20:40.564+01:00  INFO 13503 --- [optcg] [           main] com.zaxxer.hikari.pool.HikariPool        : HikariPool-1 - Added connection org.postgresql.jdbc.PgConnection@b867869
2026-03-25T10:20:40.566+01:00  INFO 13503 --- [optcg] [           main] com.zaxxer.hikari.HikariDataSource       : HikariPool-1 - Start completed.
2026-03-25T10:20:40.609+01:00  INFO 13503 --- [optcg] [           main] j.LocalContainerEntityManagerFactoryBean : Initialized JPA EntityManagerFactory for persistence unit 'default'
2026-03-25T10:20:40.760+01:00  WARN 13503 --- [optcg] [           main] JpaBaseConfiguration$JpaWebConfiguration : spring.jpa.open-in-view is enabled by default. Therefore, database queries may be performed during view rendering. Explicitly configure spring.jpa.open-in-view to disable this warning
2026-03-25T10:20:40.824+01:00  INFO 13503 --- [optcg] [           main] o.s.d.j.r.query.QueryEnhancerFactories   : Hibernate is in classpath; If applicable, HQL parser will be used.
2026-03-25T10:20:41.472+01:00  INFO 13503 --- [optcg] [           main] ual.dra.optcg.OptcgApplicationTests      : Started OptcgApplicationTests in 3.228 seconds (process running for 4.815)
]]></system-out>
    <system-err><![CDATA[Mockito is currently self-attaching to enable the inline-mock-maker. This will no longer work in future releases of the JDK. Please add Mockito as an agent to your build as described in Mockito's documentation: https://javadoc.io/doc/org.mockito/mockito-core/latest/org.mockito/org/mockito/Mockito.html#0.3
WARNING: A Java agent has been loaded dynamically (/home/david/.m2/repository/net/bytebuddy/byte-buddy-agent/1.17.8/byte-buddy-agent-1.17.8.jar)
WARNING: If a serviceability tool is in use, please run with -XX:+EnableDynamicAgentLoading to hide this warning
WARNING: If a serviceability tool is not in use, please run with -Djdk.instrument.traceUsage for more information
WARNING: Dynamic loading of agents will be disallowed by default in a future release
]]></system-err>
  </testcase>
</testsuite>